<?xml version="1.0" encoding="UTF-8"?>
<!-- Generated by org.testng.reporters.JUnitReportReporter -->
<testsuite hostname="SHALL605" name="parsertest.annotationsectiontest.TestInputAnnotationSection" tests="1" failures="0" timestamp="3 Mar 2016 01:16:28 GMT" time="0.062" errors="0">
  <testcase name="testSimpleInput" time="0.062" classname="parsertest.annotationsectiontest.TestInputAnnotationSection"/>
</testsuite> <!-- parsertest.annotationsectiontest.TestInputAnnotationSection -->
